\BOOKMARK [0][-]{chapter*.1}{\376\377\000A\000c\000k\000n\000o\000w\000l\000e\000d\000g\000e\000m\000e\000n\000t\000s}{}% 1
\BOOKMARK [0][-]{chapter*.2}{\376\377\000D\000e\000d\000i\000c\000a\000t\000i\000o\000n}{}% 2
\BOOKMARK [0][-]{chapter*.2}{\376\377\000A\000b\000s\000t\000r\000a\000c\000t}{}% 3
\BOOKMARK [0][-]{chapter*.4}{\376\377\000L\000i\000s\000t\000\040\000o\000f\000\040\000T\000a\000b\000l\000e\000s}{}% 4
\BOOKMARK [0][-]{chapter*.5}{\376\377\000L\000i\000s\000t\000\040\000o\000f\000\040\000F\000i\000g\000u\000r\000e\000s}{}% 5
\BOOKMARK [0][-]{chapter.1}{\376\377\000B\000a\000c\000k\000g\000r\000o\000u\000n\000d}{}% 6
\BOOKMARK [1][-]{section.1.1}{\376\377\000F\000u\000n\000d\000a\000m\000e\000n\000t\000a\000l\000s\000\040\000o\000f\000\040\000G\000r\000a\000p\000h\000\040\000T\000h\000e\000o\000r\000y}{chapter.1}% 7
\BOOKMARK [1][-]{section.1.2}{\376\377\000F\000u\000n\000d\000a\000m\000e\000n\000t\000a\000l\000\040\000F\000a\000m\000i\000l\000i\000e\000s\000\040\000o\000f\000\040\000G\000r\000a\000p\000h\000s}{chapter.1}% 8
\BOOKMARK [0][-]{chapter.2}{\376\377\000I\000n\000t\000r\000o\000d\000u\000c\000t\000i\000o\000n}{}% 9
\BOOKMARK [1][-]{section.2.1}{\376\377\000D\000e\000c\000o\000m\000p\000o\000s\000i\000t\000i\000o\000n\000s}{chapter.2}% 10
\BOOKMARK [1][-]{section.2.2}{\376\377\000G\000r\000a\000p\000h\000\040\000l\000a\000b\000e\000l\000i\000n\000g}{chapter.2}% 11
\BOOKMARK [1][-]{section.2.3}{\376\377\000S\000e\000v\000e\000n\000\040\000e\000d\000g\000e\000\040\000f\000o\000r\000e\000s\000t\000s}{chapter.2}% 12
\BOOKMARK [0][-]{chapter.3}{\376\377\000n\0000\000,\0001\000\050\000m\000o\000d\000\040\0001\0004\000\051}{}% 13
\BOOKMARK [1][-]{section.3.1}{\376\377\000C\000o\000n\000s\000t\000r\000u\000c\000t\000i\000o\000n\000\040\000f\000o\000r\000\040\000n\0000\000,\0001\000\040\0008\000m\000u\000\050\000m\000o\000d\0006\000m\000u\0001\0004\000\051}{chapter.3}% 14
\BOOKMARK [1][-]{section.3.2}{\376\377\000R\000e\000s\000u\000l\000t\000s\000\040\000f\000o\000r\000\040\000n\0000\000,\0001\000\040\0008\000m\000u\000\050\000m\000o\000d\0006\000m\000u\0001\0004\000\051}{chapter.3}% 15
\BOOKMARK [0][-]{chapter.4}{\376\377\000n\0007\000,\0008\000\050\000m\000o\000d\000\040\0001\0004\000\051}{}% 16
\BOOKMARK [1][-]{section.4.1}{\376\377\000C\000o\000n\000s\000t\000r\000u\000c\000t\000i\000o\000n}{chapter.4}% 17
\BOOKMARK [1][-]{section.4.2}{\376\377\000R\000e\000s\000u\000l\000t\000s}{chapter.4}% 18
\BOOKMARK [0][-]{chapter.5}{\376\377\000T\0007\0001\0001\000T\0002\0001}{}% 19
\BOOKMARK [0][-]{chapter.6}{\376\377\000A\000d\000d\000i\000t\000i\000o\000n\000a\000l\000\040\000R\000e\000s\000u\000l\000t\000s}{}% 20
\BOOKMARK [1][-]{section.6.1}{\376\377\000W\000r\000a\000p\000a\000r\000o\000u\000n\000d\000\040\000e\000d\000g\000e\000\040\000m\000a\000p\000p\000i\000n\000g\000s\000\040\000t\000h\000a\000t\000\040\000p\000r\000e\000s\000e\000r\000v\000e\000\040\000l\000e\000n\000g\000t\000h}{chapter.6}% 21
\BOOKMARK [0][-]{chapter.7}{\376\377\000C\000o\000n\000c\000l\000u\000s\000i\000o\000n\000\040\000a\000n\000d\000\040\000D\000i\000s\000c\000u\000s\000s\000i\000o\000n}{}% 22
\BOOKMARK [0][-]{chapter.8}{\376\377\000A\000p\000p\000e\000n\000d\000i\000x}{}% 23
\BOOKMARK [0][-]{chapter*.35}{\376\377\000R\000e\000f\000e\000r\000e\000n\000c\000e\000s}{}% 24
\BOOKMARK [0][-]{appendix.A}{\376\377\000\040\000A\000p\000p\000e\000n\000d\000i\000x\000\040\000A\000.\000\040\000\040\000G\000l\000o\000s\000s\000a\000r\000y\000\040\000a\000n\000d\000\040\000A\000c\000r\000o\000n\000y\000m\000s}{}% 25
\BOOKMARK [1][-]{section.A.1}{\376\377\000G\000l\000o\000s\000s\000a\000r\000y}{appendix.A}% 26
\BOOKMARK [1][-]{section.A.2}{\376\377\000A\000c\000r\000o\000n\000y\000m\000s}{appendix.A}% 27
